<?xml version="1.0" encoding="UTF-8"?>
<testsuite name="jpabook.jpashop.MemberRepositoryTest" tests="1" skipped="0" failures="0" errors="0" timestamp="2023-12-07T08:32:48" hostname="COLE" time="0.103">
  <properties/>
  <testcase name="memberTest()" classname="jpabook.jpashop.MemberRepositoryTest" time="0.103"/>
  <system-out><![CDATA[2023-12-07T17:32:48.370+09:00  INFO 32812 --- [    Test worker] t.c.s.AnnotationConfigContextLoaderUtils : Could not detect default configuration classes for test class [jpabook.jpashop.MemberRepositoryTest]: MemberRepositoryTest does not declare any static, non-private, non-final, nested classes annotated with @Configuration.
2023-12-07T17:32:48.371+09:00  INFO 32812 --- [    Test worker] .b.t.c.SpringBootTestContextBootstrapper : Found @SpringBootConfiguration jpabook.jpashop.JpashopApplication for test class jpabook.jpashop.MemberRepositoryTest
2023-12-07T17:32:48.413+09:00 DEBUG 32812 --- [    Test worker] org.hibernate.SQL                        : select next value for member_seq
2023-12-07T17:32:48.474+09:00 DEBUG 32812 --- [    Test worker] org.hibernate.SQL                        : insert into member (username,id) values (?,?)
]]></system-out>
  <system-err><![CDATA[]]></system-err>
</testsuite>
